# JRE version: Java(TM) SE Runtime Environment 18.9 (11.0.11+9) (build 11.0.11+9-LTS-194)
# Java VM: Java HotSpot(TM) 64-Bit Server VM 18.9 (11.0.11+9-LTS-194, mixed mode, tiered, compressed oops, parallel gc, windows-amd64)
Heap:
 PSYoungGen      total 12288K, used 6628K [0x00000000eab00000, 0x00000000ebd80000, 0x0000000100000000)
  eden space 8192K, 32% used [0x00000000eab00000,0x00000000ead9dd88,0x00000000eb300000)
  from space 4096K, 96% used [0x00000000eb580000,0x00000000eb95b550,0x00000000eb980000)
  to   space 4096K, 0% used [0x00000000eb980000,0x00000000eb980000,0x00000000ebd80000)
 ParOldGen       total 316928K, used 278661K [0x00000000c0000000, 0x00000000d3580000, 0x00000000eab00000)
  object space 316928K, 87% used [0x00000000c0000000,0x00000000d1021708,0x00000000d3580000)
 Metaspace       used 86595K, capacity 90424K, committed 90624K, reserved 1130496K
  class space    used 7756K, capacity 9138K, committed 9216K, reserved 1048576K
GC Heap History (10 events):
Event: 6608.496 GC heap before
{Heap before GC invocations=4046 (full 64):
 PSYoungGen      total 9728K, used 5627K [0x00000000eab00000, 0x00000000eb880000, 0x0000000100000000)
  eden space 5632K, 99% used [0x00000000eab00000,0x00000000eb07ec18,0x00000000eb080000)
  from space 4096K, 0% used [0x00000000eb480000,0x00000000eb480000,0x00000000eb880000)
  to   space 4096K, 0% used [0x00000000eb080000,0x00000000eb080000,0x00000000eb480000)
 ParOldGen       total 316928K, used 256061K [0x00000000c0000000, 0x00000000d3580000, 0x00000000eab00000)
  object space 316928K, 80% used [0x00000000c0000000,0x00000000cfa0f7e8,0x00000000d3580000)
 Metaspace       used 86574K, capacity 90360K, committed 90624K, reserved 1130496K
  class space    used 7756K, capacity 9138K, committed 9216K, reserved 1048576K
}
Event: 6608.533 GC heap after
{Heap after GC invocations=4046 (full 64):
 PSYoungGen      total 9728K, used 4085K [0x00000000eab00000, 0x00000000ebd00000, 0x0000000100000000)
  eden space 5632K, 0% used [0x00000000eab00000,0x00000000eab00000,0x00000000eb080000)
  from space 4096K, 99% used [0x00000000eb080000,0x00000000eb47d440,0x00000000eb480000)
  to   space 5632K, 0% used [0x00000000eb780000,0x00000000eb780000,0x00000000ebd00000)
 ParOldGen       total 316928K, used 256923K [0x00000000c0000000, 0x00000000d3580000, 0x00000000eab00000)
  object space 316928K, 81% used [0x00000000c0000000,0x00000000cfae6c78,0x00000000d3580000)
 Metaspace       used 86574K, capacity 90360K, committed 90624K, reserved 1130496K
  class space    used 7756K, capacity 9138K, committed 9216K, reserved 1048576K
}
Event: 6608.659 GC heap before
{Heap before GC invocations=4047 (full 64):
 PSYoungGen      total 9728K, used 9717K [0x00000000eab00000, 0x00000000ebd00000, 0x0000000100000000)
  eden space 5632K, 100% used [0x00000000eab00000,0x00000000eb080000,0x00000000eb080000)
  from space 4096K, 99% used [0x00000000eb080000,0x00000000eb47d440,0x00000000eb480000)
  to   space 5632K, 0% used [0x00000000eb780000,0x00000000eb780000,0x00000000ebd00000)
 ParOldGen       total 316928K, used 256923K [0x00000000c0000000, 0x00000000d3580000, 0x00000000eab00000)
  object space 316928K, 81% used [0x00000000c0000000,0x00000000cfae6c78,0x00000000d3580000)
 Metaspace       used 86575K, capacity 90360K, committed 90624K, reserved 1130496K
  class space    used 7756K, capacity 9138K, committed 9216K, reserved 1048576K
}
Event: 6608.690 GC heap after
{Heap after GC invocations=4047 (full 64):
 PSYoungGen      total 11776K, used 4304K [0x00000000eab00000, 0x00000000ebc00000, 0x0000000100000000)
  eden space 7168K, 0% used [0x00000000eab00000,0x00000000eab00000,0x00000000eb200000)
  from space 4608K, 93% used [0x00000000eb780000,0x00000000ebbb42c8,0x00000000ebc00000)
  to   space 4608K, 0% used [0x00000000eb300000,0x00000000eb300000,0x00000000eb780000)
 ParOldGen       total 316928K, used 261023K [0x00000000c0000000, 0x00000000d3580000, 0x00000000eab00000)
  object space 316928K, 82% used [0x00000000c0000000,0x00000000cfee7c68,0x00000000d3580000)
 Metaspace       used 86575K, capacity 90360K, committed 90624K, reserved 1130496K
  class space    used 7756K, capacity 9138K, committed 9216K, reserved 1048576K
}
Event: 6608.857 GC heap before
{Heap before GC invocations=4048 (full 64):
 PSYoungGen      total 11776K, used 11472K [0x00000000eab00000, 0x00000000ebc00000, 0x0000000100000000)
  eden space 7168K, 99% used [0x00000000eab00000,0x00000000eb1ffff0,0x00000000eb200000)
  from space 4608K, 93% used [0x00000000eb780000,0x00000000ebbb42c8,0x00000000ebc00000)
  to   space 4608K, 0% used [0x00000000eb300000,0x00000000eb300000,0x00000000eb780000)
 ParOldGen       total 316928K, used 261023K [0x00000000c0000000, 0x00000000d3580000, 0x00000000eab00000)
  object space 316928K, 82% used [0x00000000c0000000,0x00000000cfee7c68,0x00000000d3580000)
 Metaspace       used 86576K, capacity 90360K, committed 90624K, reserved 1130496K
  class space    used 7756K, capacity 9138K, committed 9216K, reserved 1048576K
}
Event: 6608.882 GC heap after
{Heap after GC invocations=4048 (full 64):
 PSYoungGen      total 12800K, used 4364K [0x00000000eab00000, 0x00000000ebc80000, 0x0000000100000000)
  eden space 8192K, 0% used [0x00000000eab00000,0x00000000eab00000,0x00000000eb300000)
  from space 4608K, 94% used [0x00000000eb300000,0x00000000eb743310,0x00000000eb780000)
  to   space 4608K, 0% used [0x00000000eb800000,0x00000000eb800000,0x00000000ebc80000)
 ParOldGen       total 316928K, used 265328K [0x00000000c0000000, 0x00000000d3580000, 0x00000000eab00000)
  object space 316928K, 83% used [0x00000000c0000000,0x00000000d031c220,0x00000000d3580000)
 Metaspace       used 86576K, capacity 90360K, committed 90624K, reserved 1130496K
  class space    used 7756K, capacity 9138K, committed 9216K, reserved 1048576K
}
Event: 6609.050 GC heap before
{Heap before GC invocations=4049 (full 64):
 PSYoungGen      total 12800K, used 12556K [0x00000000eab00000, 0x00000000ebc80000, 0x0000000100000000)
  eden space 8192K, 100% used [0x00000000eab00000,0x00000000eb300000,0x00000000eb300000)
  from space 4608K, 94% used [0x00000000eb300000,0x00000000eb743310,0x00000000eb780000)
  to   space 4608K, 0% used [0x00000000eb800000,0x00000000eb800000,0x00000000ebc80000)
 ParOldGen       total 316928K, used 265328K [0x00000000c0000000, 0x00000000d3580000, 0x00000000eab00000)
  object space 316928K, 83% used [0x00000000c0000000,0x00000000d031c220,0x00000000d3580000)
 Metaspace       used 86576K, capacity 90360K, committed 90624K, reserved 1130496K
  class space    used 7756K, capacity 9138K, committed 9216K, reserved 1048576K
}
Event: 6609.076 GC heap after
{Heap after GC invocations=4049 (full 64):
 PSYoungGen      total 10240K, used 1824K [0x00000000eab00000, 0x00000000eba00000, 0x0000000100000000)
  eden space 8192K, 0% used [0x00000000eab00000,0x00000000eab00000,0x00000000eb300000)
  from space 2048K, 89% used [0x00000000eb800000,0x00000000eb9c80b0,0x00000000eba00000)
  to   space 3072K, 0% used [0x00000000eb400000,0x00000000eb400000,0x00000000eb700000)
 ParOldGen       total 316928K, used 266650K [0x00000000c0000000, 0x00000000d3580000, 0x00000000eab00000)
  object space 316928K, 84% used [0x00000000c0000000,0x00000000d0466b40,0x00000000d3580000)
 Metaspace       used 86576K, capacity 90360K, committed 90624K, reserved 1130496K
  class space    used 7756K, capacity 9138K, committed 9216K, reserved 1048576K
}
Event: 6609.422 GC heap before
{Heap before GC invocations=4050 (full 64):
 PSYoungGen      total 10240K, used 10016K [0x00000000eab00000, 0x00000000eba00000, 0x0000000100000000)
  eden space 8192K, 100% used [0x00000000eab00000,0x00000000eb300000,0x00000000eb300000)
  from space 2048K, 89% used [0x00000000eb800000,0x00000000eb9c80b0,0x00000000eba00000)
  to   space 3072K, 0% used [0x00000000eb400000,0x00000000eb400000,0x00000000eb700000)
 ParOldGen       total 316928K, used 266650K [0x00000000c0000000, 0x00000000d3580000, 0x00000000eab00000)
  object space 316928K, 84% used [0x00000000c0000000,0x00000000d0466b40,0x00000000d3580000)
 Metaspace       used 86577K, capacity 90360K, committed 90624K, reserved 1130496K
  class space    used 7756K, capacity 9138K, committed 9216K, reserved 1048576K
}
Event: 6609.469 GC heap after
{Heap after GC invocations=4050 (full 64):
 PSYoungGen      total 11264K, used 3054K [0x00000000eab00000, 0x00000000ec700000, 0x0000000100000000)
  eden space 8192K, 0% used [0x00000000eab00000,0x00000000eab00000,0x00000000eb300000)
  from space 3072K, 99% used [0x00000000eb400000,0x00000000eb6fb878,0x00000000eb700000)
  to   space 10240K, 0% used [0x00000000ebd00000,0x00000000ebd00000,0x00000000ec700000)
 ParOldGen       total 316928K, used 272212K [0x00000000c0000000, 0x00000000d3580000, 0x00000000eab00000)
  object space 316928K, 85% used [0x00000000c0000000,0x00000000d09d52c0,0x00000000d3580000)
 Metaspace       used 86577K, capacity 90360K, committed 90624K, reserved 1130496K
  class space    used 7756K, capacity 9138K, committed 9216K, reserved 1048576K
}

